<?xml version="1.0" encoding="UTF-8"?>
<testng-results ignored="0" total="1" passed="1" failed="0" skipped="0">
  <reporter-output>
  </reporter-output>
  <suite started-at="2025-03-18T15:28:00 IST" name="Default suite" finished-at="2025-03-18T15:28:26 IST" duration-ms="25130">
    <groups>
      <group name="SmokeTest">
        <method signature="GE_CreateOrgTest.CreateOrgTest()[pri:0, instance:jenkins.groupExecution_Smoke_Regression_Test.GE_CreateOrgTest@587e5365]" name="CreateOrgTest" class="jenkins.groupExecution_Smoke_Regression_Test.GE_CreateOrgTest"/>
      </group> <!-- SmokeTest -->
    </groups>
    <test started-at="2025-03-18T15:28:00 IST" name="Default test" finished-at="2025-03-18T15:28:26 IST" duration-ms="25130">
      <class name="jenkins.groupExecution_Smoke_Regression_Test.GE_CreateOrgTest">
        <test-method is-config="true" signature="configBS()[pri:0, instance:jenkins.groupExecution_Smoke_Regression_Test.GE_CreateOrgTest@587e5365]" started-at="2025-03-18T15:27:45 IST" name="configBS" finished-at="2025-03-18T15:28:00 IST" duration-ms="15871" status="PASS">
          <reporter-output>
          </reporter-output>
        </test-method> <!-- configBS -->
        <test-method is-config="true" signature="configBC()[pri:0, instance:jenkins.groupExecution_Smoke_Regression_Test.GE_CreateOrgTest@587e5365]" started-at="2025-03-18T15:28:00 IST" name="configBC" finished-at="2025-03-18T15:28:02 IST" duration-ms="1501" status="PASS">
          <reporter-output>
          </reporter-output>
        </test-method> <!-- configBC -->
        <test-method is-config="true" signature="configBM()[pri:0, instance:jenkins.groupExecution_Smoke_Regression_Test.GE_CreateOrgTest@587e5365]" started-at="2025-03-18T15:28:02 IST" name="configBM" finished-at="2025-03-18T15:28:07 IST" duration-ms="5315" status="PASS">
          <reporter-output>
          </reporter-output>
        </test-method> <!-- configBM -->
        <test-method signature="CreateOrgTest()[pri:0, instance:jenkins.groupExecution_Smoke_Regression_Test.GE_CreateOrgTest@587e5365]" started-at="2025-03-18T15:28:07 IST" name="CreateOrgTest" finished-at="2025-03-18T15:28:23 IST" duration-ms="15813" status="PASS">
          <reporter-output>
          </reporter-output>
        </test-method> <!-- CreateOrgTest -->
        <test-method is-config="true" signature="configAM()[pri:0, instance:jenkins.groupExecution_Smoke_Regression_Test.GE_CreateOrgTest@587e5365]" started-at="2025-03-18T15:28:23 IST" name="configAM" finished-at="2025-03-18T15:28:25 IST" duration-ms="2252" status="PASS">
          <reporter-output>
          </reporter-output>
        </test-method> <!-- configAM -->
        <test-method is-config="true" signature="configAC()[pri:0, instance:jenkins.groupExecution_Smoke_Regression_Test.GE_CreateOrgTest@587e5365]" started-at="2025-03-18T15:28:25 IST" name="configAC" finished-at="2025-03-18T15:28:26 IST" duration-ms="188" status="PASS">
          <reporter-output>
          </reporter-output>
        </test-method> <!-- configAC -->
        <test-method is-config="true" signature="configAS()[pri:0, instance:jenkins.groupExecution_Smoke_Regression_Test.GE_CreateOrgTest@587e5365]" started-at="2025-03-18T15:28:26 IST" name="configAS" finished-at="2025-03-18T15:28:26 IST" duration-ms="13" status="PASS">
          <reporter-output>
          </reporter-output>
        </test-method> <!-- configAS -->
      </class> <!-- jenkins.groupExecution_Smoke_Regression_Test.GE_CreateOrgTest -->
    </test> <!-- Default test -->
  </suite> <!-- Default suite -->
</testng-results>
