<?xml version="1.0" encoding="UTF-8"?>
<testng-results ignored="0" total="1" passed="1" failed="0" skipped="0">
  <reporter-output>
  </reporter-output>
  <suite started-at="2025-03-18T16:06:16 IST" name="Default suite" finished-at="2025-03-18T16:06:41 IST" duration-ms="24736">
    <groups>
      <group name="SmokeTest">
        <method signature="GE_CreateOrgTest.CreateOrgTest()[pri:0, instance:jenkins.groupExecution_Smoke_Regression_Test.GE_CreateOrgTest@587e5365]" name="CreateOrgTest" class="jenkins.groupExecution_Smoke_Regression_Test.GE_CreateOrgTest"/>
      </group> <!-- SmokeTest -->
    </groups>
    <test started-at="2025-03-18T16:06:16 IST" name="Default test" finished-at="2025-03-18T16:06:41 IST" duration-ms="24736">
      <class name="jenkins.groupExecution_Smoke_Regression_Test.GE_CreateOrgTest">
        <test-method is-config="true" signature="configBS()[pri:0, instance:jenkins.groupExecution_Smoke_Regression_Test.GE_CreateOrgTest@587e5365]" started-at="2025-03-18T16:06:15 IST" name="configBS" finished-at="2025-03-18T16:06:16 IST" duration-ms="904" status="PASS">
          <reporter-output>
          </reporter-output>
        </test-method> <!-- configBS -->
        <test-method is-config="true" signature="configBC()[pri:0, instance:jenkins.groupExecution_Smoke_Regression_Test.GE_CreateOrgTest@587e5365]" started-at="2025-03-18T16:06:16 IST" name="configBC" finished-at="2025-03-18T16:06:17 IST" duration-ms="1405" status="PASS">
          <reporter-output>
          </reporter-output>
        </test-method> <!-- configBC -->
        <test-method is-config="true" signature="configBM()[pri:0, instance:jenkins.groupExecution_Smoke_Regression_Test.GE_CreateOrgTest@587e5365]" started-at="2025-03-18T16:06:17 IST" name="configBM" finished-at="2025-03-18T16:06:22 IST" duration-ms="4521" status="PASS">
          <reporter-output>
          </reporter-output>
        </test-method> <!-- configBM -->
        <test-method signature="CreateOrgTest()[pri:0, instance:jenkins.groupExecution_Smoke_Regression_Test.GE_CreateOrgTest@587e5365]" started-at="2025-03-18T16:06:22 IST" name="CreateOrgTest" finished-at="2025-03-18T16:06:38 IST" duration-ms="15817" status="PASS">
          <reporter-output>
          </reporter-output>
        </test-method> <!-- CreateOrgTest -->
        <test-method is-config="true" signature="configAM()[pri:0, instance:jenkins.groupExecution_Smoke_Regression_Test.GE_CreateOrgTest@587e5365]" started-at="2025-03-18T16:06:38 IST" name="configAM" finished-at="2025-03-18T16:06:40 IST" duration-ms="2407" status="PASS">
          <reporter-output>
          </reporter-output>
        </test-method> <!-- configAM -->
        <test-method is-config="true" signature="configAC()[pri:0, instance:jenkins.groupExecution_Smoke_Regression_Test.GE_CreateOrgTest@587e5365]" started-at="2025-03-18T16:06:40 IST" name="configAC" finished-at="2025-03-18T16:06:41 IST" duration-ms="514" status="PASS">
          <reporter-output>
          </reporter-output>
        </test-method> <!-- configAC -->
        <test-method is-config="true" signature="configAS()[pri:0, instance:jenkins.groupExecution_Smoke_Regression_Test.GE_CreateOrgTest@587e5365]" started-at="2025-03-18T16:06:41 IST" name="configAS" finished-at="2025-03-18T16:06:41 IST" duration-ms="11" status="PASS">
          <reporter-output>
          </reporter-output>
        </test-method> <!-- configAS -->
      </class> <!-- jenkins.groupExecution_Smoke_Regression_Test.GE_CreateOrgTest -->
    </test> <!-- Default test -->
  </suite> <!-- Default suite -->
</testng-results>
