<?xml version="1.0" encoding="UTF-8"?>
<!-- Generated by org.testng.reporters.JUnitXMLReporter -->
<testsuite ignored="1" hostname="ANCHAL" failures="0" tests="1" name="Default test" time="24.736" errors="0" timestamp="2025-03-18T16:06:41 IST">
  <testcase classname="jenkins.groupExecution_Smoke_Regression_Test.GE_CreateOrgTest" name="CreateOrgTest" time="15.817"/>
  <testcase classname="jenkins.groupExecution_Smoke_Regression_Test.GE_CreateOrgTest" name="CreateOrgWithIndustryTest" time="0.0">
    <ignored/>
  </testcase> <!-- CreateOrgWithIndustryTest -->
</testsuite> <!-- Default test -->
